<?xml version="1.0" encoding="UTF-8"?>
<!-- Generated by org.testng.reporters.JUnitReportReporter -->
<testsuite hostname="ARPITA" failures="0" tests="1" name="test.day1" time="0.011" errors="0" timestamp="2023-12-28T00:38:35 IST" skipped="0">
  <testcase classname="test.day1" name="Demo" time="0.011"/>
</testsuite> <!-- test.day1 -->
