<?xml version="1.0" encoding="UTF-8"?>
<!-- Generated by org.testng.reporters.JUnitReportReporter -->
<testsuite hostname="ARPITA" failures="0" tests="5" name="test.day3" time="0.037" errors="0" timestamp="2023-12-28T00:09:30 IST" skipped="1">
  <testcase classname="test.day3" name="APICarLoan" time="0.005"/>
  <testcase classname="test.day3" name="MobileLoginCarLoan" time="0.004"/>
  <testcase classname="test.day3" name="WebLoginCarLoan" time="0.011"/>
  <testcase classname="test.day3" name="MobileSignoutCarLoan" time="0.017"/>
  <testcase classname="test.day3" name="MobileSigninCarLoan">
    <skipped/>
  </testcase> <!-- MobileSigninCarLoan -->
</testsuite> <!-- test.day3 -->
