<?xml version="1.0" encoding="UTF-8"?>
<!-- Generated by org.testng.reporters.JUnitReportReporter -->
<testsuite hostname="ARPITA" failures="0" tests="3" name="test.day4" time="0.024" errors="0" timestamp="2024-01-01T10:21:25 IST" skipped="0">
  <testcase classname="test.day4" name="WebLoginHomeLoan" time="0.002"/>
  <testcase classname="test.day4" name="MobileLoginHomeLoan" time="0.013"/>
  <testcase classname="test.day4" name="LoginAPIHomeLoan" time="0.009"/>
</testsuite> <!-- test.day4 -->
