<?xml version="1.0" encoding="UTF-8"?>
<!-- Generated by org.testng.reporters.JUnitReportReporter -->
<testsuite hostname="ARPITA" failures="0" tests="6" name="test.day3" time="0.104" errors="0" timestamp="2024-01-01T10:21:25 IST" skipped="1">
  <testcase classname="test.day3" name="MobileSignoutCarLoan" time="0.014"/>
  <testcase classname="test.day3" name="MobileLoginCarLoan" time="0.019"/>
  <testcase classname="test.day3" name="WebLoginCarLoan" time="0.018"/>
  <testcase classname="test.day3" name="MobileSignoutCarLoan" time="0.024"/>
  <testcase classname="test.day3" name="MobileSignoutCarLoan" time="0.029"/>
  <testcase classname="test.day3" name="MobileSigninCarLoan">
    <skipped/>
  </testcase> <!-- MobileSigninCarLoan -->
</testsuite> <!-- test.day3 -->
