<?xml version="1.0" encoding="UTF-8"?>
<!-- Generated by org.testng.reporters.JUnitReportReporter -->
<testsuite hostname="ARPITA" failures="0" tests="2" name="test.day1" time="0.017" errors="0" timestamp="2023-12-27T23:48:27 IST" skipped="0">
  <testcase classname="test.day1" name="Demo" time="0.009"/>
  <testcase classname="test.day1" name="SecondTest" time="0.008"/>
</testsuite> <!-- test.day1 -->
