<?xml version="1.0" encoding="UTF-8"?>
<!-- Generated by org.testng.reporters.JUnitReportReporter -->
<testsuite hostname="ARPITA" failures="0" tests="1" name="test.day3" time="0.002" errors="0" timestamp="2023-12-27T22:40:02 IST" skipped="0">
  <testcase classname="test.day3" name="MobileLoginCarLoan" time="0.002"/>
</testsuite> <!-- test.day3 -->
