<?xml version="1.0" encoding="UTF-8"?>
<!-- Generated by org.testng.reporters.JUnitReportReporter -->
<testsuite hostname="ARPITA" failures="0" tests="6" name="test.day3" time="0.105" errors="0" timestamp="2024-01-13T15:21:14 IST" skipped="1">
  <testcase classname="test.day3" name="MobileSignoutCarLoan" time="0.007"/>
  <testcase classname="test.day3" name="WebLoginCarLoan" time="0.007"/>
  <testcase classname="test.day3" name="MobileLoginCarLoan" time="0.056"/>
  <testcase classname="test.day3" name="MobileSignoutCarLoan" time="0.002"/>
  <testcase classname="test.day3" name="MobileSignoutCarLoan" time="0.033"/>
  <testcase classname="test.day3" name="MobileSigninCarLoan">
    <skipped/>
  </testcase> <!-- MobileSigninCarLoan -->
</testsuite> <!-- test.day3 -->
