<?xml version="1.0" encoding="UTF-8"?>
<!-- Generated by org.testng.reporters.JUnitReportReporter -->
<testsuite hostname="ARPITA" failures="0" tests="1" name="test.day2" time="0.039" errors="0" timestamp="2024-01-09T15:33:46 IST" skipped="0">
  <testcase classname="test.day2" name="ploan" time="0.039"/>
</testsuite> <!-- test.day2 -->
