<?xml version="1.0" encoding="UTF-8"?>
<!-- Generated by org.testng.reporters.JUnitReportReporter -->
<testsuite hostname="ARPITA" failures="0" tests="6" name="test.day3" time="0.048" errors="0" timestamp="2024-01-01T12:27:41 IST" skipped="1">
  <testcase classname="test.day3" name="MobileLoginCarLoan" time="0.009"/>
  <testcase classname="test.day3" name="MobileSignoutCarLoan" time="0.008"/>
  <testcase classname="test.day3" name="MobileSignoutCarLoan" time="0.007"/>
  <testcase classname="test.day3" name="MobileSignoutCarLoan" time="0.018"/>
  <testcase classname="test.day3" name="WebLoginCarLoan" time="0.006"/>
  <testcase classname="test.day3" name="MobileSigninCarLoan">
    <skipped/>
  </testcase> <!-- MobileSigninCarLoan -->
</testsuite> <!-- test.day3 -->
