<?xml version="1.0" encoding="UTF-8"?>
<!-- Generated by org.testng.reporters.JUnitReportReporter -->
<testsuite hostname="ARPITA" failures="0" tests="3" name="test.day4" time="0.031" errors="0" timestamp="2024-01-01T12:27:41 IST" skipped="0">
  <testcase classname="test.day4" name="WebLoginHomeLoan" time="0.003"/>
  <testcase classname="test.day4" name="MobileLoginHomeLoan" time="0.007"/>
  <testcase classname="test.day4" name="LoginAPIHomeLoan" time="0.021"/>
</testsuite> <!-- test.day4 -->
