<?xml version="1.0" encoding="UTF-8"?>
<!-- Generated by org.testng.reporters.JUnitReportReporter -->
<testsuite hostname="ARPITA" failures="0" tests="1" name="test.day1" time="0.016" errors="0" timestamp="2024-01-01T10:21:25 IST" skipped="0">
  <testcase classname="test.day1" name="Demo" time="0.016"/>
</testsuite> <!-- test.day1 -->
